[debug] [2017-10-26T22:42:01.821Z] ----------------------------------------------------------------------
[debug] [2017-10-26T22:42:01.823Z] Command:       /Users/rodrigodugin/.nvm/versions/node/v8.4.0/bin/node /Users/rodrigodugin/.nvm/versions/node/v8.4.0/bin/firebase serve --only functions
[debug] [2017-10-26T22:42:01.823Z] CLI Version:   3.10.1
[debug] [2017-10-26T22:42:01.823Z] Platform:      darwin
[debug] [2017-10-26T22:42:01.823Z] Node Version:  v8.4.0
[debug] [2017-10-26T22:42:01.824Z] Time:          Thu Oct 26 2017 20:42:01 GMT-0200 (-02)
[debug] [2017-10-26T22:42:01.824Z] ----------------------------------------------------------------------
[debug] 
[debug] [2017-10-26T22:42:01.835Z] > command requires scopes: ["email","openid","https://www.googleapis.com/auth/cloudplatformprojects.readonly","https://www.googleapis.com/auth/firebase","https://www.googleapis.com/auth/cloud-platform"]
[debug] [2017-10-26T22:42:01.835Z] > authorizing via signed-in user
[debug] [2017-10-26T22:42:01.836Z] >>> HTTP REQUEST GET https://admin.firebase.com/v1/projects/vibn-b0250  
 Thu Oct 26 2017 20:42:01 GMT-0200 (-02)
[debug] [2017-10-26T22:42:04.241Z] <<< HTTP RESPONSE 200
[debug] [2017-10-26T22:42:04.242Z] >>> HTTP REQUEST GET https://admin.firebase.com/v1/database/vibn-b0250/tokens  
 Thu Oct 26 2017 20:42:04 GMT-0200 (-02)
[debug] [2017-10-26T22:42:04.943Z] <<< HTTP RESPONSE 200
[info] 
[info] === Serving from '/Users/rodrigodugin/ProjetosWeb/vibn-web'...
[info] 
[info] i  functions: Preparing to emulate HTTPS functions. Support for other event types coming soon.
[debug] [2017-10-26T22:42:05.226Z] >>> HTTP REQUEST GET https://appengine.googleapis.com/v1/apps/vibn-b0250  
 Thu Oct 26 2017 20:42:05 GMT-0200 (-02)
[debug] [2017-10-26T22:42:05.227Z] >>> HTTP REQUEST GET https://apikeys.googleapis.com/v1/projects/vibn-b0250/apiKeys  
 Thu Oct 26 2017 20:42:05 GMT-0200 (-02)
[debug] [2017-10-26T22:42:06.169Z] <<< HTTP RESPONSE 200
[debug] [2017-10-26T22:42:06.314Z] <<< HTTP RESPONSE 200
[info] ✔  functions: updateEvents: http://localhost:5000/vibn-b0250/us-central1/updateEvents
